  Animation.cpp
D:\VisualStudioProjs\BerserkBTHProject\Berserk\Berserk\Animation.cpp(89,29): warning C4018: '<': signed/unsigned mismatch
  Collectible.cpp
  CollisionHandler.cpp
  Enemy.cpp
D:\VisualStudioProjs\BerserkBTHProject\Berserk\Berserk\Enemy.cpp(144,14): warning C4244: 'initializing': conversion from '_Ty' to 'float', possible loss of data
          with
          [
              _Ty=double
          ]
  EntityHandler.cpp
  Game.cpp
  Grenade.cpp
  GrenadeExplosion.cpp
  Main.cpp
  MapHandler.cpp
  PlayState.cpp
D:\VisualStudioProjs\BerserkBTHProject\Berserk\Berserk\PlayState.cpp(13,95): warning C4244: 'argument': conversion from 'unsigned int' to 'T', possible loss of data
          with
          [
              T=float
          ]
D:\VisualStudioProjs\BerserkBTHProject\Berserk\Berserk\PlayState.cpp(13,65): warning C4244: 'argument': conversion from 'unsigned int' to 'T', possible loss of data
          with
          [
              T=float
          ]
D:\VisualStudioProjs\BerserkBTHProject\Berserk\Berserk\PlayState.cpp(60,126): warning C4244: 'argument': conversion from 'unsigned int' to 'T', possible loss of data
          with
          [
              T=float
          ]
D:\VisualStudioProjs\BerserkBTHProject\Berserk\Berserk\PlayState.cpp(60,96): warning C4244: 'argument': conversion from 'unsigned int' to 'T', possible loss of data
          with
          [
              T=float
          ]
  Player.cpp
D:\VisualStudioProjs\BerserkBTHProject\Berserk\Berserk\Player.cpp(274,58): warning C4244: 'argument': conversion from 'float' to 'sf::Uint8', possible loss of data
D:\VisualStudioProjs\BerserkBTHProject\Berserk\Berserk\Player.cpp(289,5): warning C4244: 'initializing': conversion from 'int' to 'float', possible loss of data
D:\VisualStudioProjs\BerserkBTHProject\Berserk\Berserk\Player.cpp(289,11): warning C4244: 'initializing': conversion from 'int' to 'float', possible loss of data
D:\VisualStudioProjs\BerserkBTHProject\Berserk\Berserk\Player.cpp(289,65): warning C4244: 'initializing': conversion from 'int' to 'float', possible loss of data
D:\VisualStudioProjs\BerserkBTHProject\Berserk\Berserk\Player.cpp(289,80): warning C4244: 'initializing': conversion from 'int' to 'float', possible loss of data
D:\VisualStudioProjs\BerserkBTHProject\Berserk\Berserk\Player.cpp(365,21): warning C4244: 'initializing': conversion from 'int' to 'float', possible loss of data
D:\VisualStudioProjs\BerserkBTHProject\Berserk\Berserk\Player.cpp(366,19): warning C4244: 'initializing': conversion from 'int' to 'float', possible loss of data
  RenderEntity.cpp
D:\VisualStudioProjs\BerserkBTHProject\Berserk\Berserk\RenderEntity.cpp(85,73): warning C4244: 'argument': conversion from 'T' to 'T', possible loss of data
          with
          [
              T=int
          ]
          and
          [
              T=float
          ]
D:\VisualStudioProjs\BerserkBTHProject\Berserk\Berserk\RenderEntity.cpp(85,58): warning C4244: 'argument': conversion from 'T' to 'T', possible loss of data
          with
          [
              T=int
          ]
          and
          [
              T=float
          ]
D:\VisualStudioProjs\BerserkBTHProject\Berserk\Berserk\RenderEntity.cpp(85,45): warning C4244: 'argument': conversion from 'T' to 'T', possible loss of data
          with
          [
              T=int
          ]
          and
          [
              T=float
          ]
D:\VisualStudioProjs\BerserkBTHProject\Berserk\Berserk\RenderEntity.cpp(85,31): warning C4244: 'argument': conversion from 'T' to 'T', possible loss of data
          with
          [
              T=int
          ]
          and
          [
              T=float
          ]
  Renderer.cpp
D:\VisualStudioProjs\BerserkBTHProject\Berserk\Berserk\Renderer.cpp(7,95): warning C4244: 'argument': conversion from 'unsigned int' to 'T', possible loss of data
          with
          [
              T=float
          ]
D:\VisualStudioProjs\BerserkBTHProject\Berserk\Berserk\Renderer.cpp(7,65): warning C4244: 'argument': conversion from 'unsigned int' to 'T', possible loss of data
          with
          [
              T=float
          ]
D:\VisualStudioProjs\BerserkBTHProject\Berserk\Berserk\Renderer.cpp(50,83): warning C4244: 'argument': conversion from 'unsigned int' to 'T', possible loss of data
          with
          [
              T=float
          ]
D:\VisualStudioProjs\BerserkBTHProject\Berserk\Berserk\Renderer.cpp(50,53): warning C4244: 'argument': conversion from 'unsigned int' to 'T', possible loss of data
          with
          [
              T=float
          ]
  UI.cpp
  Generating Code...
  Berserk.vcxproj -> D:\VisualStudioProjs\BerserkBTHProject\Berserk\x64\Debug\Berserk.exe
